{
  "RSpec": {
    "coverage": {
      "/home/john_kyeremeh/tic-tac-toe-rb-online-web-sp-000/lib/tic_tac_toe.rb": [
        null,
        1,
        null,
        null,
        null,
        null,
        null,
        null,
        null,
        null,
        null,
        1,
        12,
        12,
        12,
        12,
        12,
        null,
        null,
        null,
        null,
        1,
        13,
        null,
        null,
        1,
        12,
        null,
        null,
        null,
        1,
        222,
        204,
        null,
        18,
        null,
        null,
        null,
        null,
        1,
        13,
        null,
        null,
        null,
        1,
        33,
        null,
        33,
        297,
        82,
        null,
        null,
        33,
        null,
        null,
        null,
        1,
        10,
        7,
        null,
        3,
        null,
        null,
        null,
        null,
        1,
        10,
        10,
        10,
        10,
        1,
        null,
        9,
        null,
        10,
        null,
        null,
        1,
        null,
        60,
        null,
        457,
        457,
        457,
        null,
        457,
        457,
        457,
        null,
        457,
        15,
        null,
        null,
        45,
        null,
        null,
        null,
        1,
        22,
        18,
        null,
        4,
        null,
        null,
        null,
        1,
        21,
        3,
        18,
        18,
        null,
        null,
        null,
        null,
        1,
        0,
        0,
        null,
        0,
        null,
        null,
        null,
        null,
        null,
        1,
        3,
        null,
        null,
        1,
        3,
        null,
        2,
        1,
        1,
        1,
        null,
        null,
        null,
        1,
        4,
        7,
        null,
        null,
        4,
        0,
        null,
        null,
        4,
        0,
        null,
        null,
        null,
        null,
        null,
        null,
        null,
        null,
        null
      ]
    },
    "timestamp": 1618969845
  }
}
